<?xml version="1.0" encoding="UTF-8"?>
<!-- Generated by org.testng.reporters.JUnitXMLReporter -->
<testsuite ignored="3" hostname="GopalS" failures="1" tests="5" name="Pega Demo - Automation Test" time="104.277" errors="0" timestamp="2022-09-20T19:21:21 IST">
  <testcase classname="com.maantic.automation.tests.LoginTest" name="TC_01_VerifyLoginPageTitle" time="0.229"/>
  <testcase classname="com.maantic.automation.tests.DashboardTest" name="TC_01_VerifyDashboardPageTitle" time="15.336"/>
  <testcase classname="com.maantic.automation.tests.DashboardTest" name="TC_02_VerifyLoggedInUserName" time="7.25">
    <skipped/>
  </testcase> <!-- TC_02_VerifyLoggedInUserName -->
  <testcase classname="com.maantic.automation.tests.DashboardTest" name="TC_02_VerifyLoggedInUserName" time="5.648">
    <failure type="java.lang.AssertionError" message="expected [Gopal2] but found [Gopal]">
      <![CDATA[java.lang.AssertionError: expected [Gopal2] but found [Gopal]
at com.maantic.automation.tests.DashboardTest.TC_02_VerifyLoggedInUserName(DashboardTest.java:46)
at java.base/java.util.ArrayList.forEach(ArrayList.java:1511)
... Removed 34 stack frames]]>
    </failure>
  </testcase> <!-- TC_02_VerifyLoggedInUserName -->
  <testcase classname="com.maantic.automation.tests.CreateContactTest" name="TC_02_CreateNewContactSuccessfully" time="40.442"/>
  <testcase classname="com.maantic.automation.base.BasePage" name="@BeforeSuite getEnvironment" time="0.0">
    <ignored/>
  </testcase> <!-- @BeforeSuite getEnvironment -->
  <testcase classname="com.maantic.automation.base.BasePage" name="@BeforeSuite getEnvironment" time="0.0">
    <ignored/>
  </testcase> <!-- @BeforeSuite getEnvironment -->
  <testcase classname="com.maantic.automation.base.BasePage" name="@BeforeSuite getEnvironment" time="0.0">
    <ignored/>
  </testcase> <!-- @BeforeSuite getEnvironment -->
</testsuite> <!-- Pega Demo - Automation Test -->
