<?xml version="1.0" encoding="UTF-8"?>
<testng-results retried="1" ignored="3" total="8" passed="3" failed="1" skipped="0">
  <reporter-output>
  </reporter-output>
  <suite started-at="2022-09-20T19:19:37 IST" name="Pega Demo - Automation" finished-at="2022-09-20T19:21:21 IST" duration-ms="104277">
    <groups>
      <group name="Sanity">
        <method signature="CreateContactTest.TC_02_CreateNewContactSuccessfully(java.util.Map)[pri:2, instance:com.maantic.automation.tests.CreateContactTest@2262d6d5]" name="TC_02_CreateNewContactSuccessfully" class="com.maantic.automation.tests.CreateContactTest"/>
        <method signature="DashboardTest.TC_01_VerifyDashboardPageTitle()[pri:1, instance:com.maantic.automation.tests.DashboardTest@30ec7d21]" name="TC_01_VerifyDashboardPageTitle" class="com.maantic.automation.tests.DashboardTest"/>
        <method signature="LoginTest.TC_01_VerifyLoginPageTitle()[pri:1, instance:com.maantic.automation.tests.LoginTest@111d5c97]" name="TC_01_VerifyLoginPageTitle" class="com.maantic.automation.tests.LoginTest"/>
      </group> <!-- Sanity -->
      <group name="Regression">
        <method signature="CreateContactTest.TC_02_CreateNewContactSuccessfully(java.util.Map)[pri:2, instance:com.maantic.automation.tests.CreateContactTest@2262d6d5]" name="TC_02_CreateNewContactSuccessfully" class="com.maantic.automation.tests.CreateContactTest"/>
        <method signature="DashboardTest.TC_02_VerifyLoggedInUserName()[pri:2, instance:com.maantic.automation.tests.DashboardTest@30ec7d21]" name="TC_02_VerifyLoggedInUserName" class="com.maantic.automation.tests.DashboardTest"/>
        <method signature="LoginTest.TC_01_VerifyLoginPageTitle()[pri:1, instance:com.maantic.automation.tests.LoginTest@111d5c97]" name="TC_01_VerifyLoginPageTitle" class="com.maantic.automation.tests.LoginTest"/>
      </group> <!-- Regression -->
    </groups>
    <test started-at="2022-09-20T19:19:37 IST" name="Pega Demo - Automation Test" finished-at="2022-09-20T19:21:21 IST" duration-ms="104277">
      <class name="com.maantic.automation.tests.LoginTest">
        <test-method is-config="true" signature="getEnvironment(java.lang.String)[pri:0, instance:com.maantic.automation.tests.LoginTest@111d5c97]" started-at="2022-09-20T19:19:37 IST" name="getEnvironment" finished-at="2022-09-20T19:19:37 IST" duration-ms="249" status="PASS">
          <params>
            <param index="0">
              <value>
                <![CDATA[chrome]]>
              </value>
            </param>
          </params>
          <reporter-output>
          </reporter-output>
        </test-method> <!-- getEnvironment -->
        <test-method is-config="true" signature="initializeDriver(java.lang.String)[pri:0, instance:com.maantic.automation.tests.LoginTest@111d5c97]" started-at="2022-09-20T19:19:37 IST" name="initializeDriver" finished-at="2022-09-20T19:19:45 IST" duration-ms="8045" status="PASS">
          <params>
            <param index="0">
              <value>
                <![CDATA[chrome]]>
              </value>
            </param>
          </params>
          <reporter-output>
          </reporter-output>
        </test-method> <!-- initializeDriver -->
        <test-method signature="TC_01_VerifyLoginPageTitle()[pri:1, instance:com.maantic.automation.tests.LoginTest@111d5c97]" started-at="2022-09-20T19:19:45 IST" name="TC_01_VerifyLoginPageTitle" description="Verifying Login Page Title" finished-at="2022-09-20T19:19:45 IST" duration-ms="229" status="PASS">
          <reporter-output>
          </reporter-output>
        </test-method> <!-- TC_01_VerifyLoginPageTitle -->
        <test-method is-config="true" signature="closeDriver()[pri:0, instance:com.maantic.automation.tests.LoginTest@111d5c97]" started-at="2022-09-20T19:19:45 IST" name="closeDriver" finished-at="2022-09-20T19:19:47 IST" duration-ms="1345" status="PASS">
          <reporter-output>
          </reporter-output>
        </test-method> <!-- closeDriver -->
      </class> <!-- com.maantic.automation.tests.LoginTest -->
      <class name="com.maantic.automation.tests.DashboardTest">
        <test-method is-config="true" signature="initializeDriver(java.lang.String)[pri:0, instance:com.maantic.automation.tests.DashboardTest@30ec7d21]" started-at="2022-09-20T19:19:47 IST" name="initializeDriver" finished-at="2022-09-20T19:19:52 IST" duration-ms="5103" status="PASS">
          <params>
            <param index="0">
              <value>
                <![CDATA[chrome]]>
              </value>
            </param>
          </params>
          <reporter-output>
          </reporter-output>
        </test-method> <!-- initializeDriver -->
        <test-method signature="TC_01_VerifyDashboardPageTitle()[pri:1, instance:com.maantic.automation.tests.DashboardTest@30ec7d21]" started-at="2022-09-20T19:19:52 IST" name="TC_01_VerifyDashboardPageTitle" description="Verifying Dashboard Page Title" finished-at="2022-09-20T19:20:07 IST" duration-ms="15336" status="PASS">
          <reporter-output>
          </reporter-output>
        </test-method> <!-- TC_01_VerifyDashboardPageTitle -->
        <test-method is-config="true" signature="closeDriver()[pri:0, instance:com.maantic.automation.tests.DashboardTest@30ec7d21]" started-at="2022-09-20T19:20:07 IST" name="closeDriver" finished-at="2022-09-20T19:20:08 IST" duration-ms="884" status="PASS">
          <reporter-output>
          </reporter-output>
        </test-method> <!-- closeDriver -->
        <test-method is-config="true" signature="initializeDriver(java.lang.String)[pri:0, instance:com.maantic.automation.tests.DashboardTest@30ec7d21]" started-at="2022-09-20T19:20:08 IST" name="initializeDriver" finished-at="2022-09-20T19:20:13 IST" duration-ms="4912" status="PASS">
          <params>
            <param index="0">
              <value>
                <![CDATA[chrome]]>
              </value>
            </param>
          </params>
          <reporter-output>
          </reporter-output>
        </test-method> <!-- initializeDriver -->
        <test-method retried="true" signature="TC_02_VerifyLoggedInUserName()[pri:2, instance:com.maantic.automation.tests.DashboardTest@30ec7d21]" started-at="2022-09-20T19:20:13 IST" name="TC_02_VerifyLoggedInUserName" description="Verifying LoggedInUserName" finished-at="2022-09-20T19:20:20 IST" duration-ms="7250" status="SKIP">
          <exception class="java.lang.AssertionError">
            <message>
              <![CDATA[expected [Gopal2] but found [Gopal]]]>
            </message>
            <full-stacktrace>
              <![CDATA[java.lang.AssertionError: expected [Gopal2] but found [Gopal]
at org.testng.Assert.fail(Assert.java:99)
at org.testng.Assert.failNotEquals(Assert.java:1037)
at org.testng.Assert.assertEqualsImpl(Assert.java:140)
at org.testng.Assert.assertEquals(Assert.java:122)
at org.testng.Assert.assertEquals(Assert.java:629)
at org.testng.Assert.assertEquals(Assert.java:639)
at com.maantic.automation.tests.DashboardTest.TC_02_VerifyLoggedInUserName(DashboardTest.java:46)
at java.base/jdk.internal.reflect.DirectMethodHandleAccessor.invoke(DirectMethodHandleAccessor.java:104)
at java.base/java.lang.reflect.Method.invoke(Method.java:577)
at org.testng.internal.MethodInvocationHelper.invokeMethod(MethodInvocationHelper.java:133)
at org.testng.internal.TestInvoker.invokeMethod(TestInvoker.java:598)
at org.testng.internal.TestInvoker.invokeTestMethod(TestInvoker.java:173)
at org.testng.internal.MethodRunner.runInSequence(MethodRunner.java:46)
at org.testng.internal.TestInvoker$MethodInvocationAgent.invoke(TestInvoker.java:824)
at org.testng.internal.TestInvoker.invokeTestMethods(TestInvoker.java:146)
at org.testng.internal.TestMethodWorker.invokeTestMethods(TestMethodWorker.java:146)
at org.testng.internal.TestMethodWorker.run(TestMethodWorker.java:128)
at java.base/java.util.ArrayList.forEach(ArrayList.java:1511)
at org.testng.TestRunner.privateRun(TestRunner.java:794)
at org.testng.TestRunner.run(TestRunner.java:596)
at org.testng.SuiteRunner.runTest(SuiteRunner.java:377)
at org.testng.SuiteRunner.runSequentially(SuiteRunner.java:371)
at org.testng.SuiteRunner.privateRun(SuiteRunner.java:332)
at org.testng.SuiteRunner.run(SuiteRunner.java:276)
at org.testng.SuiteRunnerWorker.runSuite(SuiteRunnerWorker.java:53)
at org.testng.SuiteRunnerWorker.run(SuiteRunnerWorker.java:96)
at org.testng.TestNG.runSuitesSequentially(TestNG.java:1212)
at org.testng.TestNG.runSuitesLocally(TestNG.java:1134)
at org.testng.TestNG.runSuites(TestNG.java:1063)
at org.testng.TestNG.run(TestNG.java:1031)
at org.apache.maven.surefire.testng.TestNGExecutor.run(TestNGExecutor.java:281)
at org.apache.maven.surefire.testng.TestNGXmlTestSuite.execute(TestNGXmlTestSuite.java:75)
at org.apache.maven.surefire.testng.TestNGProvider.invoke(TestNGProvider.java:121)
at org.apache.maven.surefire.booter.ForkedBooter.invokeProviderInSameClassLoader(ForkedBooter.java:290)
at org.apache.maven.surefire.booter.ForkedBooter.runSuitesInProcess(ForkedBooter.java:242)
at org.apache.maven.surefire.booter.ForkedBooter.main(ForkedBooter.java:121)
]]>
            </full-stacktrace>
          </exception> <!-- java.lang.AssertionError -->
          <reporter-output>
          </reporter-output>
        </test-method> <!-- TC_02_VerifyLoggedInUserName -->
        <test-method is-config="true" signature="closeDriver()[pri:0, instance:com.maantic.automation.tests.DashboardTest@30ec7d21]" started-at="2022-09-20T19:20:20 IST" name="closeDriver" finished-at="2022-09-20T19:20:21 IST" duration-ms="877" status="PASS">
          <reporter-output>
          </reporter-output>
        </test-method> <!-- closeDriver -->
        <test-method is-config="true" signature="initializeDriver(java.lang.String)[pri:0, instance:com.maantic.automation.tests.DashboardTest@30ec7d21]" started-at="2022-09-20T19:20:21 IST" name="initializeDriver" finished-at="2022-09-20T19:20:27 IST" duration-ms="5932" status="PASS">
          <params>
            <param index="0">
              <value>
                <![CDATA[chrome]]>
              </value>
            </param>
          </params>
          <reporter-output>
          </reporter-output>
        </test-method> <!-- initializeDriver -->
        <test-method signature="TC_02_VerifyLoggedInUserName()[pri:2, instance:com.maantic.automation.tests.DashboardTest@30ec7d21]" started-at="2022-09-20T19:20:27 IST" name="TC_02_VerifyLoggedInUserName" description="Verifying LoggedInUserName" finished-at="2022-09-20T19:20:33 IST" duration-ms="5648" status="FAIL">
          <exception class="java.lang.AssertionError">
            <message>
              <![CDATA[expected [Gopal2] but found [Gopal]]]>
            </message>
            <full-stacktrace>
              <![CDATA[java.lang.AssertionError: expected [Gopal2] but found [Gopal]
at org.testng.Assert.fail(Assert.java:99)
at org.testng.Assert.failNotEquals(Assert.java:1037)
at org.testng.Assert.assertEqualsImpl(Assert.java:140)
at org.testng.Assert.assertEquals(Assert.java:122)
at org.testng.Assert.assertEquals(Assert.java:629)
at org.testng.Assert.assertEquals(Assert.java:639)
at com.maantic.automation.tests.DashboardTest.TC_02_VerifyLoggedInUserName(DashboardTest.java:46)
at java.base/jdk.internal.reflect.DirectMethodHandleAccessor.invoke(DirectMethodHandleAccessor.java:104)
at java.base/java.lang.reflect.Method.invoke(Method.java:577)
at org.testng.internal.MethodInvocationHelper.invokeMethod(MethodInvocationHelper.java:133)
at org.testng.internal.TestInvoker.invokeMethod(TestInvoker.java:598)
at org.testng.internal.TestInvoker.retryFailed(TestInvoker.java:213)
at org.testng.internal.MethodRunner.runInSequence(MethodRunner.java:58)
at org.testng.internal.TestInvoker$MethodInvocationAgent.invoke(TestInvoker.java:824)
at org.testng.internal.TestInvoker.invokeTestMethods(TestInvoker.java:146)
at org.testng.internal.TestMethodWorker.invokeTestMethods(TestMethodWorker.java:146)
at org.testng.internal.TestMethodWorker.run(TestMethodWorker.java:128)
at java.base/java.util.ArrayList.forEach(ArrayList.java:1511)
at org.testng.TestRunner.privateRun(TestRunner.java:794)
at org.testng.TestRunner.run(TestRunner.java:596)
at org.testng.SuiteRunner.runTest(SuiteRunner.java:377)
at org.testng.SuiteRunner.runSequentially(SuiteRunner.java:371)
at org.testng.SuiteRunner.privateRun(SuiteRunner.java:332)
at org.testng.SuiteRunner.run(SuiteRunner.java:276)
at org.testng.SuiteRunnerWorker.runSuite(SuiteRunnerWorker.java:53)
at org.testng.SuiteRunnerWorker.run(SuiteRunnerWorker.java:96)
at org.testng.TestNG.runSuitesSequentially(TestNG.java:1212)
at org.testng.TestNG.runSuitesLocally(TestNG.java:1134)
at org.testng.TestNG.runSuites(TestNG.java:1063)
at org.testng.TestNG.run(TestNG.java:1031)
at org.apache.maven.surefire.testng.TestNGExecutor.run(TestNGExecutor.java:281)
at org.apache.maven.surefire.testng.TestNGXmlTestSuite.execute(TestNGXmlTestSuite.java:75)
at org.apache.maven.surefire.testng.TestNGProvider.invoke(TestNGProvider.java:121)
at org.apache.maven.surefire.booter.ForkedBooter.invokeProviderInSameClassLoader(ForkedBooter.java:290)
at org.apache.maven.surefire.booter.ForkedBooter.runSuitesInProcess(ForkedBooter.java:242)
at org.apache.maven.surefire.booter.ForkedBooter.main(ForkedBooter.java:121)
]]>
            </full-stacktrace>
          </exception> <!-- java.lang.AssertionError -->
          <reporter-output>
          </reporter-output>
        </test-method> <!-- TC_02_VerifyLoggedInUserName -->
        <test-method is-config="true" signature="closeDriver()[pri:0, instance:com.maantic.automation.tests.DashboardTest@30ec7d21]" started-at="2022-09-20T19:20:33 IST" name="closeDriver" finished-at="2022-09-20T19:20:34 IST" duration-ms="654" status="PASS">
          <reporter-output>
          </reporter-output>
        </test-method> <!-- closeDriver -->
      </class> <!-- com.maantic.automation.tests.DashboardTest -->
      <class name="com.maantic.automation.tests.CreateContactTest">
        <test-method is-config="true" signature="initializeDriver(java.lang.String)[pri:0, instance:com.maantic.automation.tests.CreateContactTest@2262d6d5]" started-at="2022-09-20T19:20:35 IST" name="initializeDriver" finished-at="2022-09-20T19:20:40 IST" duration-ms="4606" status="PASS">
          <params>
            <param index="0">
              <value>
                <![CDATA[chrome]]>
              </value>
            </param>
          </params>
          <reporter-output>
          </reporter-output>
        </test-method> <!-- initializeDriver -->
        <test-method signature="TC_02_CreateNewContactSuccessfully(java.util.Map)[pri:2, instance:com.maantic.automation.tests.CreateContactTest@2262d6d5]" started-at="2022-09-20T19:20:40 IST" name="TC_02_CreateNewContactSuccessfully" description="Verifying the contact is created successfully." data-provider="ExcelTestData" finished-at="2022-09-20T19:21:20 IST" duration-ms="40442" status="PASS">
          <params>
            <param index="0">
              <value>
                <![CDATA[{Email=gopal.sutradhar@maantic.com, Prefix=Mr., LastName=Sutradhar_Test, TCName=TC_02_CreateNewContactSuccessfully, FirstName=Gopal_Test}]]>
              </value>
            </param>
          </params>
          <reporter-output>
          </reporter-output>
        </test-method> <!-- TC_02_CreateNewContactSuccessfully -->
        <test-method is-config="true" signature="closeDriver()[pri:0, instance:com.maantic.automation.tests.CreateContactTest@2262d6d5]" started-at="2022-09-20T19:21:20 IST" name="closeDriver" finished-at="2022-09-20T19:21:21 IST" duration-ms="961" status="PASS">
          <reporter-output>
          </reporter-output>
        </test-method> <!-- closeDriver -->
      </class> <!-- com.maantic.automation.tests.CreateContactTest -->
    </test> <!-- Pega Demo - Automation Test -->
  </suite> <!-- Pega Demo - Automation -->
</testng-results>
